 [EVR1] &
 [EVR1] &
 [AND1] &
 [OR4] &
 [5(1)] &
 [OPR1(2)] &
 [OPR1(2)] &
 [AND3] &
 [AXM3] &
 [AXM3] &
 [AND4] &
 [AXM1] &
 [AND2] &
 [ALL8(3)] &
 [XST6] &
 [AND4] &
 [IMP5(1)] &
 [AXM3] &
 [AXM3] &
 [AND4] &
 [AXM1] &
 [AND2] &
 [ALL8(3)] &
 [XST6] &
 [AND4] &
 [IMP4] &
 [AND1] &
 [OR4] &
 [IMP4] &
 [AR10(not(x$2 = d))] &
 [IMP4] &
 [VR1] &
 [FIN(not(VRAI) => (not(x$2 = d) => x$3 = b and x$2 = c or (x$3,x$2: a and not(x$2 = d) and not(#(x$5).(x$3 = b and x$5 = c)))))] &
 [STOP_NORM] &
 [NRM22(1)] &
 [NRM14] &
 [NRM] &
 [IMP3] &
 [FIN(x$3 = b => forall(x$4).not(x$4 = c) => (not(x$2 = d) => x$3 = b and x$2 = c or (x$3,x$2: a and not(x$2 = d) and not(#(x$5).(x$3 = b and x$5 = c)))))] &
 [STOP_NORM] &
 [NRM2] &
 [NRM] &
 [FIN(x$3 = b => not(x$4 = c))] &
 [STOP_1] &
 [IMP4_1] &
 [AND2_1] &
 [ALL7(3)] &
 [XST5] &
 [IMP4] &
 [AND3] &
 [OR3] &
 [AND3] &
 [ALL8(3)] &
 [EVR1] &
 [EVR1] &
 [AND1] &
 [OR4] &
 [AXM3] &
 [AND4] &
 [OPR1(2)] &
 [OPR1(2)] &
 [AND3] &
 [AXM3] &
 [AXM1] &
 [AND2] &
 [ALL8(3)] &
 [XST6] &
 [AND4] &
 [IMP5(1)] &
 [AXM3] &
 [AXM1] &
 [AND2] &
 [ALL8(3)] &
 [XST6] &
 [AND4] &
 [IMP4] &
 [AND1] &
 [OR4] &
 [AXM3] &
 [AND4] &
 [IMP4] &
 [VR1] &
 [FIN(not(VRAI) => x$7 = b and x$6 = c or (x$7,x$6: a and not(#(x$9).(x$7 = b and x$9 = c))) and not(x$6 = d))] &
 [STOP_NORM] &
 [NRM22(1)] &
 [NRM14] &
 [NRM] &
 [IMP3] &
 [FIN(x$7 = b => forall(x$8).not(x$8 = c) => x$7 = b and x$6 = c or (x$7,x$6: a and not(#(x$9).(x$7 = b and x$9 = c))) and not(x$6 = d))] &
 [STOP_NORM] &
 [NRM2] &
 [NRM] &
 [FIN(x$7 = b => not(x$8 = c))] &
 [STOP_1] &
 [IMP4_1] &
 [AND2_1] &
 [ALL7(3)] &
 [XST5] &
 [IMP4] &
 [AR10(not(x$6 = d))] &
 [IMP4] &
 [AND3] &
 [AND3] &
 [OR3] &
 [ALL8(3)] &
 [AND4] &
 [IMP4] &
 [ALL8(1)] &
  (!(c,d,b).(not(c = d) => !(x$3,x$2).(x$3 = b and x$2 = c or (x$3,x$2: a and not(#(x$4).(x$3 = b and x$4 = c))) and not(x$2 = d) => x$3 = b and x$2 = c or (x$3,x$2: a and not(x$2 = d) and not(#(x$5).(x$3 = b and x$5 = c)))) and !(x$7,x$6).(x$7 = b and x$6 = c or (x$7,x$6: a and not(x$6 = d) and not(#(x$8).(x$7 = b and x$8 = c))) => x$7 = b and x$6 = c or (x$7,x$6: a and not(#(x$9).(x$7 = b and x$9 = c))) and not(x$6 = d))))
